# JRE version: Java(TM) SE Runtime Environment (8.0_171-b11) (build 1.8.0_171-b11)
# Java VM: Java HotSpot(TM) 64-Bit Server VM (25.171-b11 mixed mode windows-amd64 compressed oops)
Heap:
 PSYoungGen      total 42496K, used 41506K [0x00000000eb400000, 0x00000000ee180000, 0x0000000100000000)
  eden space 40448K, 98% used [0x00000000eb400000,0x00000000edaebd08,0x00000000edb80000)
  from space 2048K, 80% used [0x00000000edd00000,0x00000000ede9ceb0,0x00000000edf00000)
  to   space 2560K, 0% used [0x00000000edf00000,0x00000000edf00000,0x00000000ee180000)
 ParOldGen       total 35328K, used 16629K [0x00000000c1c00000, 0x00000000c3e80000, 0x00000000eb400000)
  object space 35328K, 47% used [0x00000000c1c00000,0x00000000c2c3d7b0,0x00000000c3e80000)
 Metaspace       used 53983K, capacity 55782K, committed 56192K, reserved 1097728K
  class space    used 6655K, capacity 7001K, committed 7040K, reserved 1048576K
GC Heap History (10 events):
Event: 123.530 GC heap before
{Heap before GC invocations=41 (full 2):
 PSYoungGen      total 48128K, used 47492K [0x00000000eb400000, 0x00000000eed80000, 0x0000000100000000)
  eden space 45568K, 100% used [0x00000000eb400000,0x00000000ee080000,0x00000000ee080000)
  from space 2560K, 75% used [0x00000000ee380000,0x00000000ee561340,0x00000000ee600000)
  to   space 3072K, 0% used [0x00000000ee080000,0x00000000ee080000,0x00000000ee380000)
 ParOldGen       total 35328K, used 14749K [0x00000000c1c00000, 0x00000000c3e80000, 0x00000000eb400000)
  object space 35328K, 41% used [0x00000000c1c00000,0x00000000c2a67740,0x00000000c3e80000)
 Metaspace       used 46767K, capacity 48428K, committed 48768K, reserved 1091584K
  class space    used 5656K, capacity 5964K, committed 6016K, reserved 1048576K
Event: 123.541 GC heap after
Heap after GC invocations=41 (full 2):
 PSYoungGen      total 46592K, used 1664K [0x00000000eb400000, 0x00000000ee580000, 0x0000000100000000)
  eden space 44544K, 0% used [0x00000000eb400000,0x00000000eb400000,0x00000000edf80000)
  from space 2048K, 81% used [0x00000000ee080000,0x00000000ee2200c8,0x00000000ee280000)
  to   space 3072K, 0% used [0x00000000ee280000,0x00000000ee280000,0x00000000ee580000)
 ParOldGen       total 35328K, used 15093K [0x00000000c1c00000, 0x00000000c3e80000, 0x00000000eb400000)
  object space 35328K, 42% used [0x00000000c1c00000,0x00000000c2abd760,0x00000000c3e80000)
 Metaspace       used 46767K, capacity 48428K, committed 48768K, reserved 1091584K
  class space    used 5656K, capacity 5964K, committed 6016K, reserved 1048576K
}
Event: 126.163 GC heap before
{Heap before GC invocations=42 (full 2):
 PSYoungGen      total 46592K, used 46208K [0x00000000eb400000, 0x00000000ee580000, 0x0000000100000000)
  eden space 44544K, 100% used [0x00000000eb400000,0x00000000edf80000,0x00000000edf80000)
  from space 2048K, 81% used [0x00000000ee080000,0x00000000ee2200c8,0x00000000ee280000)
  to   space 3072K, 0% used [0x00000000ee280000,0x00000000ee280000,0x00000000ee580000)
 ParOldGen       total 35328K, used 15093K [0x00000000c1c00000, 0x00000000c3e80000, 0x00000000eb400000)
  object space 35328K, 42% used [0x00000000c1c00000,0x00000000c2abd760,0x00000000c3e80000)
 Metaspace       used 48426K, capacity 50072K, committed 50304K, reserved 1093632K
  class space    used 5877K, capacity 6190K, committed 6272K, reserved 1048576K
Event: 126.170 GC heap after
Heap after GC invocations=42 (full 2):
 PSYoungGen      total 45568K, used 1753K [0x00000000eb400000, 0x00000000ee480000, 0x0000000100000000)
  eden space 43520K, 0% used [0x00000000eb400000,0x00000000eb400000,0x00000000ede80000)
  from space 2048K, 85% used [0x00000000ee280000,0x00000000ee436740,0x00000000ee480000)
  to   space 3072K, 0% used [0x00000000ede80000,0x00000000ede80000,0x00000000ee180000)
 ParOldGen       total 35328K, used 15517K [0x00000000c1c00000, 0x00000000c3e80000, 0x00000000eb400000)
  object space 35328K, 43% used [0x00000000c1c00000,0x00000000c2b27780,0x00000000c3e80000)
 Metaspace       used 48426K, capacity 50072K, committed 50304K, reserved 1093632K
  class space    used 5877K, capacity 6190K, committed 6272K, reserved 1048576K
}
Event: 128.649 GC heap before
{Heap before GC invocations=43 (full 2):
 PSYoungGen      total 45568K, used 45273K [0x00000000eb400000, 0x00000000ee480000, 0x0000000100000000)
  eden space 43520K, 100% used [0x00000000eb400000,0x00000000ede80000,0x00000000ede80000)
  from space 2048K, 85% used [0x00000000ee280000,0x00000000ee436740,0x00000000ee480000)
  to   space 3072K, 0% used [0x00000000ede80000,0x00000000ede80000,0x00000000ee180000)
 ParOldGen       total 35328K, used 15517K [0x00000000c1c00000, 0x00000000c3e80000, 0x00000000eb400000)
  object space 35328K, 43% used [0x00000000c1c00000,0x00000000c2b27780,0x00000000c3e80000)
 Metaspace       used 50157K, capacity 51894K, committed 52352K, reserved 1095680K
  class space    used 6076K, capacity 6429K, committed 6528K, reserved 1048576K
Event: 128.667 GC heap after
Heap after GC invocations=43 (full 2):
 PSYoungGen      total 44032K, used 1389K [0x00000000eb400000, 0x00000000ee380000, 0x0000000100000000)
  eden space 42496K, 0% used [0x00000000eb400000,0x00000000eb400000,0x00000000edd80000)
  from space 1536K, 90% used [0x00000000ede80000,0x00000000edfdb5c8,0x00000000ee000000)
  to   space 3072K, 0% used [0x00000000ee080000,0x00000000ee080000,0x00000000ee380000)
 ParOldGen       total 35328K, used 15861K [0x00000000c1c00000, 0x00000000c3e80000, 0x00000000eb400000)
  object space 35328K, 44% used [0x00000000c1c00000,0x00000000c2b7d790,0x00000000c3e80000)
 Metaspace       used 50157K, capacity 51894K, committed 52352K, reserved 1095680K
  class space    used 6076K, capacity 6429K, committed 6528K, reserved 1048576K
}
Event: 132.329 GC heap before
{Heap before GC invocations=44 (full 2):
 PSYoungGen      total 44032K, used 43885K [0x00000000eb400000, 0x00000000ee380000, 0x0000000100000000)
  eden space 42496K, 100% used [0x00000000eb400000,0x00000000edd80000,0x00000000edd80000)
  from space 1536K, 90% used [0x00000000ede80000,0x00000000edfdb5c8,0x00000000ee000000)
  to   space 3072K, 0% used [0x00000000ee080000,0x00000000ee080000,0x00000000ee380000)
 ParOldGen       total 35328K, used 15861K [0x00000000c1c00000, 0x00000000c3e80000, 0x00000000eb400000)
  object space 35328K, 44% used [0x00000000c1c00000,0x00000000c2b7d790,0x00000000c3e80000)
 Metaspace       used 52386K, capacity 54076K, committed 54528K, reserved 1097728K
  class space    used 6461K, capacity 6788K, committed 6912K, reserved 1048576K
Event: 132.337 GC heap after
Heap after GC invocations=44 (full 2):
 PSYoungGen      total 44032K, used 2487K [0x00000000eb400000, 0x00000000ee300000, 0x0000000100000000)
  eden space 41472K, 0% used [0x00000000eb400000,0x00000000eb400000,0x00000000edc80000)
  from space 2560K, 97% used [0x00000000ee080000,0x00000000ee2edf88,0x00000000ee300000)
  to   space 3072K, 0% used [0x00000000edd00000,0x00000000edd00000,0x00000000ee000000)
 ParOldGen       total 35328K, used 16213K [0x00000000c1c00000, 0x00000000c3e80000, 0x00000000eb400000)
  object space 35328K, 45% used [0x00000000c1c00000,0x00000000c2bd57b0,0x00000000c3e80000)
 Metaspace       used 52386K, capacity 54076K, committed 54528K, reserved 1097728K
  class space    used 6461K, capacity 6788K, committed 6912K, reserved 1048576K
}
Event: 136.728 GC heap before
{Heap before GC invocations=45 (full 2):
 PSYoungGen      total 44032K, used 43959K [0x00000000eb400000, 0x00000000ee300000, 0x0000000100000000)
  eden space 41472K, 100% used [0x00000000eb400000,0x00000000edc80000,0x00000000edc80000)
  from space 2560K, 97% used [0x00000000ee080000,0x00000000ee2edf88,0x00000000ee300000)
  to   space 3072K, 0% used [0x00000000edd00000,0x00000000edd00000,0x00000000ee000000)
 ParOldGen       total 35328K, used 16213K [0x00000000c1c00000, 0x00000000c3e80000, 0x00000000eb400000)
  object space 35328K, 45% used [0x00000000c1c00000,0x00000000c2bd57b0,0x00000000c3e80000)
 Metaspace       used 53791K, capacity 55580K, committed 55936K, reserved 1097728K
  class space    used 6654K, capacity 7000K, committed 7040K, reserved 1048576K
Event: 136.736 GC heap after
Heap after GC invocations=45 (full 2):
 PSYoungGen      total 42496K, used 1651K [0x00000000eb400000, 0x00000000ee180000, 0x0000000100000000)
  eden space 40448K, 0% used [0x00000000eb400000,0x00000000eb400000,0x00000000edb80000)
  from space 2048K, 80% used [0x00000000edd00000,0x00000000ede9ceb0,0x00000000edf00000)
  to   space 2560K, 0% used [0x00000000edf00000,0x00000000edf00000,0x00000000ee180000)
 ParOldGen       total 35328K, used 16629K [0x00000000c1c00000, 0x00000000c3e80000, 0x00000000eb400000)
  object space 35328K, 47% used [0x00000000c1c00000,0x00000000c2c3d7b0,0x00000000c3e80000)
 Metaspace       used 53791K, capacity 55580K, committed 55936K, reserved 1097728K
  class space    used 6654K, capacity 7000K, committed 7040K, reserved 1048576K
}

